<?xml version="1.0" encoding="UTF-8"?>
<!-- Generated by org.testng.reporters.JUnitReportReporter -->
<testsuite hostname="Dell-Laptop-4th-Floor-room2" failures="0" tests="4" name="runner.Runner" time="111.067" errors="0" timestamp="2025-10-05T13:57:21 IST" skipped="0">
  <testcase classname="runner.Runner" name="runScenario" time="30.661">
    <system-out>
      <![CDATA[openBrowser
Shoes For Men- Buy Latest Shoes For Men Online in India | Myntra
Buy Puma Smashic Comfort Casual Sneakers - Casual Shoes for Unisex 21767244 | Myntra
SHOPPING BAG
closeBrowser]]>
    </system-out>
  </testcase> <!-- runScenario -->
  <testcase classname="runner.Runner" name="runScenario" time="25.788">
    <system-out>
      <![CDATA[openBrowser
Bangles For Women - Buy Bangles For Women online in India
Buy TAJ BRIDAL STORE Set Of 4 Kundan Stones Studded Bangles - Bangle for Women 37257998 | Myntra
SHOPPING BAG
closeBrowser]]>
    </system-out>
  </testcase> <!-- runScenario -->
  <testcase classname="runner.Runner" name="runScenario" time="28.611">
    <system-out>
      <![CDATA[openBrowser
Jeans For Men - Buy Jeans For Men online in India
Buy The Lifestyle Co. Men Pure Cotton Baggy Fit Denim Jeans - Jeans for Men 28749636 | Myntra
SHOPPING BAG
closeBrowser]]>
    </system-out>
  </testcase> <!-- runScenario -->
  <testcase classname="runner.Runner" name="runScenario" time="26.007">
    <system-out>
      <![CDATA[openBrowser
Jackets For Women - Buy Jackets For Women online in India
Buy DressBerry Mock Collar Padded Jacket - Jackets for Women 36946120 | Myntra
SHOPPING BAG
closeBrowser]]>
    </system-out>
  </testcase> <!-- runScenario -->
  <system-out>
    <![CDATA[openBrowser
Shoes For Men- Buy Latest Shoes For Men Online in India | Myntra
Buy Puma Smashic Comfort Casual Sneakers - Casual Shoes for Unisex 21767244 | Myntra
SHOPPING BAG
closeBrowser
openBrowser
Jeans For Men - Buy Jeans For Men online in India
Buy The Lifestyle Co. Men Pure Cotton Baggy Fit Denim Jeans - Jeans for Men 28749636 | Myntra
SHOPPING BAG
closeBrowser
openBrowser
Bangles For Women - Buy Bangles For Women online in India
Buy TAJ BRIDAL STORE Set Of 4 Kundan Stones Studded Bangles - Bangle for Women 37257998 | Myntra
SHOPPING BAG
closeBrowser
openBrowser
Jackets For Women - Buy Jackets For Women online in India
Buy DressBerry Mock Collar Padded Jacket - Jackets for Women 36946120 | Myntra
SHOPPING BAG
closeBrowser]]>
  </system-out>
</testsuite> <!-- runner.Runner -->
