<?xml version="1.0" encoding="UTF-8"?>
<!-- Generated by org.testng.reporters.JUnitReportReporter -->
<testsuite hostname="Dell-Laptop-4th-Floor-room2" failures="0" tests="1" name="runner.Runner" time="0.144" errors="0" timestamp="2025-10-04T16:45:05 IST" skipped="0">
  <testcase classname="runner.Runner" name="runScenario" time="0.144">
    <system-out>
      <![CDATA[openBrowser
login
Myntra Home Page
logout
closeBrowser]]>
    </system-out>
  </testcase> <!-- runScenario -->
  <system-out>
    <![CDATA[openBrowser
login
Myntra Home Page
logout
closeBrowser]]>
  </system-out>
</testsuite> <!-- runner.Runner -->
